Performing C SOURCE FILE Test CMAKE_HAVE_LIBC_PTHREAD failed with the following output:
Change Dir: /home/pcx/set_velocity/build/CMakeFiles/CMakeTmp

Run Build Command(s):/usr/bin/make cmTC_14a35/fast && /usr/bin/make  -f CMakeFiles/cmTC_14a35.dir/build.make CMakeFiles/cmTC_14a35.dir/build
make[1]: Entering directory '/home/pcx/set_velocity/build/CMakeFiles/CMakeTmp'
Building C object CMakeFiles/cmTC_14a35.dir/src.c.o
/usr/bin/cc   -DCMAKE_HAVE_LIBC_PTHREAD -o CMakeFiles/cmTC_14a35.dir/src.c.o -c /home/pcx/set_velocity/build/CMakeFiles/CMakeTmp/src.c
Linking C executable cmTC_14a35
/opt/cmake-3.18.5/bin/cmake -E cmake_link_script CMakeFiles/cmTC_14a35.dir/link.txt --verbose=1
/usr/bin/cc  -DCMAKE_HAVE_LIBC_PTHREAD -rdynamic CMakeFiles/cmTC_14a35.dir/src.c.o -o cmTC_14a35 
CMakeFiles/cmTC_14a35.dir/src.c.o: In function `main':
src.c:(.text+0x3e): undefined reference to `pthread_create'
src.c:(.text+0x4a): undefined reference to `pthread_detach'
src.c:(.text+0x56): undefined reference to `pthread_cancel'
src.c:(.text+0x67): undefined reference to `pthread_join'
src.c:(.text+0x7b): undefined reference to `pthread_atfork'
collect2: error: ld returned 1 exit status
CMakeFiles/cmTC_14a35.dir/build.make:105: recipe for target 'cmTC_14a35' failed
make[1]: *** [cmTC_14a35] Error 1
make[1]: Leaving directory '/home/pcx/set_velocity/build/CMakeFiles/CMakeTmp'
Makefile:140: recipe for target 'cmTC_14a35/fast' failed
make: *** [cmTC_14a35/fast] Error 2


Source file was:
#include <pthread.h>

void* test_func(void* data)
{
  return data;
}

int main(void)
{
  pthread_t thread;
  pthread_create(&thread, NULL, test_func, NULL);
  pthread_detach(thread);
  pthread_cancel(thread);
  pthread_join(thread, NULL);
  pthread_atfork(NULL, NULL, NULL);
  pthread_exit(NULL);

  return 0;
}

Determining if the function pthread_create exists in the pthreads failed with the following output:
Change Dir: /home/pcx/set_velocity/build/CMakeFiles/CMakeTmp

Run Build Command(s):/usr/bin/make cmTC_814fc/fast && /usr/bin/make  -f CMakeFiles/cmTC_814fc.dir/build.make CMakeFiles/cmTC_814fc.dir/build
make[1]: Entering directory '/home/pcx/set_velocity/build/CMakeFiles/CMakeTmp'
Building C object CMakeFiles/cmTC_814fc.dir/CheckFunctionExists.c.o
/usr/bin/cc   -DCHECK_FUNCTION_EXISTS=pthread_create -o CMakeFiles/cmTC_814fc.dir/CheckFunctionExists.c.o -c /opt/cmake-3.18.5/share/cmake-3.18/Modules/CheckFunctionExists.c
Linking C executable cmTC_814fc
/opt/cmake-3.18.5/bin/cmake -E cmake_link_script CMakeFiles/cmTC_814fc.dir/link.txt --verbose=1
/usr/bin/cc  -DCHECK_FUNCTION_EXISTS=pthread_create -rdynamic CMakeFiles/cmTC_814fc.dir/CheckFunctionExists.c.o -o cmTC_814fc  -lpthreads 
/usr/bin/ld: cannot find -lpthreads
collect2: error: ld returned 1 exit status
CMakeFiles/cmTC_814fc.dir/build.make:105: recipe for target 'cmTC_814fc' failed
make[1]: *** [cmTC_814fc] Error 1
make[1]: Leaving directory '/home/pcx/set_velocity/build/CMakeFiles/CMakeTmp'
Makefile:140: recipe for target 'cmTC_814fc/fast' failed
make: *** [cmTC_814fc/fast] Error 2



